This is pdfTeX, Version 3.14159265-2.6-1.40.21 (TeX Live 2020/W32TeX) (preloaded format=pdflatex 2021.1.17)  25 JAN 2021 10:15
entering extended mode
 restricted \write18 enabled.
 %&-line parsing enabled.
**2006782.tex
(./2006782.tex
LaTeX2e <2020-02-02> patch level 5
L3 programming layer <2020-03-06>
(d:/TEXLIVE/texlive/2020/texmf-dist/tex/latex/base/article.cls
Document Class: article 2019/12/20 v1.4l Standard LaTeX document class
(d:/TEXLIVE/texlive/2020/texmf-dist/tex/latex/base/size12.clo
File: size12.clo 2019/12/20 v1.4l Standard LaTeX file (size option)
)
\c@part=\count167
\c@section=\count168
\c@subsection=\count169
\c@subsubsection=\count170
\c@paragraph=\count171
\c@subparagraph=\count172
\c@figure=\count173
\c@table=\count174
\abovecaptionskip=\skip47
\belowcaptionskip=\skip48
\bibindent=\dimen134
) (./easymcm.sty
Package: easymcm 2019/01/21 EasyMCM v5.1

EasyMCM Package, version 5.1
(d:/TEXLIVE/texlive/2020/texmf-dist/tex/latex/geometry/geometry.sty
Package: geometry 2020/01/02 v5.9 Page Geometry

(d:/TEXLIVE/texlive/2020/texmf-dist/tex/latex/graphics/keyval.sty
Package: keyval 2014/10/28 v1.15 key=value parser (DPC)
\KV@toks@=\toks15
)
(d:/TEXLIVE/texlive/2020/texmf-dist/tex/generic/iftex/ifvtex.sty
Package: ifvtex 2019/10/25 v1.7 ifvtex legacy package. Use iftex instead.

(d:/TEXLIVE/texlive/2020/texmf-dist/tex/generic/iftex/iftex.sty
Package: iftex 2020/03/06 v1.0d TeX engine tests
))
\Gm@cnth=\count175
\Gm@cntv=\count176
\c@Gm@tempcnt=\count177
\Gm@bindingoffset=\dimen135
\Gm@wd@mp=\dimen136
\Gm@odd@mp=\dimen137
\Gm@even@mp=\dimen138
\Gm@layoutwidth=\dimen139
\Gm@layoutheight=\dimen140
\Gm@layouthoffset=\dimen141
\Gm@layoutvoffset=\dimen142
\Gm@dimlist=\toks16
)
(d:/TEXLIVE/texlive/2020/texmf-dist/tex/latex/fancyhdr/fancyhdr.sty
Package: fancyhdr 2019/01/31 v3.10 Extensive control of page headers and footer
s
\f@nch@headwidth=\skip49
\f@nch@O@elh=\skip50
\f@nch@O@erh=\skip51
\f@nch@O@olh=\skip52
\f@nch@O@orh=\skip53
\f@nch@O@elf=\skip54
\f@nch@O@erf=\skip55
\f@nch@O@olf=\skip56
\f@nch@O@orf=\skip57
)
(d:/TEXLIVE/texlive/2020/texmf-dist/tex/latex/fancybox/fancybox.sty
Package: fancybox 2010/05/15 1.4

Style option: `fancybox' v1.4 <2010/05/15> (tvz)
\@fancybox=\box45
\shadowsize=\dimen143
\@Sbox=\box46
\do@VerbBox=\toks17
\the@fancyput=\toks18
\this@fancyput=\toks19
\EndVerbatimTokens=\toks20
\Verbatim@Outfile=\write3
\Verbatim@Infile=\read2
) (d:/TEXLIVE/texlive/2020/texmf-dist/tex/latex/base/ifthen.sty
Package: ifthen 2014/09/29 v1.1c Standard LaTeX ifthen package (DPC)
)
(d:/TEXLIVE/texlive/2020/texmf-dist/tex/latex/lastpage/lastpage.sty
Package: lastpage 2015/03/29 v1.2m Refers to last page's name (HMM; JPG)
)
(d:/TEXLIVE/texlive/2020/texmf-dist/tex/latex/paralist/paralist.sty
Package: paralist 2017/01/22 v2.7 Extended list environments
\pltopsep=\skip58
\plpartopsep=\skip59
\plitemsep=\skip60
\plparsep=\skip61
\pl@lab=\toks21
)
(d:/TEXLIVE/texlive/2020/texmf-dist/tex/latex/tools/indentfirst.sty
Package: indentfirst 1995/11/23 v1.03 Indent first paragraph (DPC)
)
(d:/TEXLIVE/texlive/2020/texmf-dist/tex/latex/appendix/appendix.sty
Package: appendix 2020/02/08 v1.2c extra appendix facilities
\c@@pps=\count178
\c@@ppsavesec=\count179
\c@@ppsaveapp=\count180
)
(d:/TEXLIVE/texlive/2020/texmf-dist/tex/latex/amsfonts/amsfonts.sty
Package: amsfonts 2013/01/14 v3.01 Basic AMSFonts support
\@emptytoks=\toks22
\symAMSa=\mathgroup4
\symAMSb=\mathgroup5
LaTeX Font Info:    Redeclaring math symbol \hbar on input line 98.
LaTeX Font Info:    Overwriting math alphabet `\mathfrak' in version `bold'
(Font)                  U/euf/m/n --> U/euf/b/n on input line 106.
)
(d:/TEXLIVE/texlive/2020/texmf-dist/tex/latex/amsmath/amsmath.sty
Package: amsmath 2020/01/20 v2.17e AMS math features
\@mathmargin=\skip62

For additional information on amsmath, use the `?' option.
(d:/TEXLIVE/texlive/2020/texmf-dist/tex/latex/amsmath/amstext.sty
Package: amstext 2000/06/29 v2.01 AMS text

(d:/TEXLIVE/texlive/2020/texmf-dist/tex/latex/amsmath/amsgen.sty
File: amsgen.sty 1999/11/30 v2.0 generic functions
\@emptytoks=\toks23
\ex@=\dimen144
))
(d:/TEXLIVE/texlive/2020/texmf-dist/tex/latex/amsmath/amsbsy.sty
Package: amsbsy 1999/11/29 v1.2d Bold Symbols
\pmbraise@=\dimen145
)
(d:/TEXLIVE/texlive/2020/texmf-dist/tex/latex/amsmath/amsopn.sty
Package: amsopn 2016/03/08 v2.02 operator names
)
\inf@bad=\count181
LaTeX Info: Redefining \frac on input line 227.
\uproot@=\count182
\leftroot@=\count183
LaTeX Info: Redefining \overline on input line 389.
\classnum@=\count184
\DOTSCASE@=\count185
LaTeX Info: Redefining \ldots on input line 486.
LaTeX Info: Redefining \dots on input line 489.
LaTeX Info: Redefining \cdots on input line 610.
\Mathstrutbox@=\box47
\strutbox@=\box48
\big@size=\dimen146
LaTeX Font Info:    Redeclaring font encoding OML on input line 733.
LaTeX Font Info:    Redeclaring font encoding OMS on input line 734.
\macc@depth=\count186
\c@MaxMatrixCols=\count187
\dotsspace@=\muskip16
\c@parentequation=\count188
\dspbrk@lvl=\count189
\tag@help=\toks24
\row@=\count190
\column@=\count191
\maxfields@=\count192
\andhelp@=\toks25
\eqnshift@=\dimen147
\alignsep@=\dimen148
\tagshift@=\dimen149
\tagwidth@=\dimen150
\totwidth@=\dimen151
\lineht@=\dimen152
\@envbody=\toks26
\multlinegap=\skip63
\multlinetaggap=\skip64
\mathdisplay@stack=\toks27
LaTeX Info: Redefining \[ on input line 2859.
LaTeX Info: Redefining \] on input line 2860.
)
(d:/TEXLIVE/texlive/2020/texmf-dist/tex/latex/amsfonts/amssymb.sty
Package: amssymb 2013/01/14 v3.01 AMS font symbols
)
\c@Theorem=\count193

(d:/TEXLIVE/texlive/2020/texmf-dist/tex/latex/titlesec/titlesec.sty
Package: titlesec 2019/10/16 v2.13 Sectioning titles
\ttl@box=\box49
\beforetitleunit=\skip65
\aftertitleunit=\skip66
\ttl@plus=\dimen153
\ttl@minus=\dimen154
\ttl@toksa=\toks28
\titlewidth=\dimen155
\titlewidthlast=\dimen156
\titlewidthfirst=\dimen157
)
(d:/TEXLIVE/texlive/2020/texmf-dist/tex/latex/titlesec/titletoc.sty
Package: titletoc 2019/10/16 v2.13 TOC entries
\ttl@leftsep=\dimen158
)
(d:/TEXLIVE/texlive/2020/texmf-dist/tex/latex/caption/caption.sty
Package: caption 2020/01/03 v3.4h Customizing captions (AR)

(d:/TEXLIVE/texlive/2020/texmf-dist/tex/latex/caption/caption3.sty
Package: caption3 2020/01/03 v1.8h caption3 kernel (AR)
Package caption3 Info: TeX engine: e-TeX on input line 61.
\captionmargin=\dimen159
\captionmargin@=\dimen160
\captionwidth=\dimen161
\caption@tempdima=\dimen162
\caption@indent=\dimen163
\caption@parindent=\dimen164
\caption@hangindent=\dimen165
Package caption Info: Standard document class detected.
)
\c@caption@flags=\count194
\c@continuedfloat=\count195
)
(d:/TEXLIVE/texlive/2020/texmf-dist/tex/latex/tools/longtable.sty
Package: longtable 2020/01/07 v4.13 Multi-page Table package (DPC)
\LTleft=\skip67
\LTright=\skip68
\LTpre=\skip69
\LTpost=\skip70
\LTchunksize=\count196
\LTcapwidth=\dimen166
\LT@head=\box50
\LT@firsthead=\box51
\LT@foot=\box52
\LT@lastfoot=\box53
\LT@cols=\count197
\LT@rows=\count198
\c@LT@tables=\count199
\c@LT@chunks=\count266
\LT@p@ftn=\toks29
)
(d:/TEXLIVE/texlive/2020/texmf-dist/tex/latex/multirow/multirow.sty
Package: multirow 2019/05/31 v2.5 Span multiple rows of a table
\multirow@colwidth=\skip71
\multirow@cntb=\count267
\multirow@dima=\skip72
\bigstrutjot=\dimen167
)
(d:/TEXLIVE/texlive/2020/texmf-dist/tex/latex/tools/array.sty
Package: array 2019/08/31 v2.4l Tabular extension package (FMi)
\col@sep=\dimen168
\ar@mcellbox=\box54
\extrarowheight=\dimen169
\NC@list=\toks30
\extratabsurround=\skip73
\backup@length=\skip74
\ar@cellbox=\box55
)
(d:/TEXLIVE/texlive/2020/texmf-dist/tex/latex/booktabs/booktabs.sty
Package: booktabs 2020/01/12 v1.61803398 Publication quality tables
\heavyrulewidth=\dimen170
\lightrulewidth=\dimen171
\cmidrulewidth=\dimen172
\belowrulesep=\dimen173
\belowbottomsep=\dimen174
\aboverulesep=\dimen175
\abovetopsep=\dimen176
\cmidrulesep=\dimen177
\cmidrulekern=\dimen178
\defaultaddspace=\dimen179
\@cmidla=\count268
\@cmidlb=\count269
\@aboverulesep=\dimen180
\@belowrulesep=\dimen181
\@thisruleclass=\count270
\@lastruleclass=\count271
\@thisrulewidth=\dimen182
)
(d:/TEXLIVE/texlive/2020/texmf-dist/tex/latex/tools/tabularx.sty
Package: tabularx 2020/01/15 v2.11c `tabularx' package (DPC)
\TX@col@width=\dimen183
\TX@old@table=\dimen184
\TX@old@col=\dimen185
\TX@target=\dimen186
\TX@delta=\dimen187
\TX@cols=\count272
\TX@ftn=\toks31
)
(d:/TEXLIVE/texlive/2020/texmf-dist/tex/latex/base/fontenc.sty
Package: fontenc 2020/02/11 v2.0o Standard LaTeX package
)
(d:/TEXLIVE/texlive/2020/texmf-dist/tex/latex/url/url.sty
\Urlmuskip=\muskip17
Package: url 2013/09/16  ver 3.4  Verb mode for urls, etc.
)
(d:/TEXLIVE/texlive/2020/texmf-dist/tex/latex/graphics/graphicx.sty
Package: graphicx 2019/11/30 v1.2a Enhanced LaTeX Graphics (DPC,SPQR)

(d:/TEXLIVE/texlive/2020/texmf-dist/tex/latex/graphics/graphics.sty
Package: graphics 2019/11/30 v1.4a Standard LaTeX Graphics (DPC,SPQR)

(d:/TEXLIVE/texlive/2020/texmf-dist/tex/latex/graphics/trig.sty
Package: trig 2016/01/03 v1.10 sin cos tan (DPC)
)
(d:/TEXLIVE/texlive/2020/texmf-dist/tex/latex/graphics-cfg/graphics.cfg
File: graphics.cfg 2016/06/04 v1.11 sample graphics configuration
)
Package graphics Info: Driver file: pdftex.def on input line 105.

(d:/TEXLIVE/texlive/2020/texmf-dist/tex/latex/graphics-def/pdftex.def
File: pdftex.def 2018/01/08 v1.0l Graphics/color driver for pdftex
))
\Gin@req@height=\dimen188
\Gin@req@width=\dimen189
)
(d:/TEXLIVE/texlive/2020/texmf-dist/tex/latex/base/flafter.sty
Package: flafter 2018/11/28 v1.4d Standard LaTeX floats after reference (FMi)
Applying: [2015/01/01] float order in 2-column on input line 49.
Already applied: [0000/00/00] float order in 2-column on input line 151.
)
(d:/TEXLIVE/texlive/2020/texmf-dist/tex/latex/float/float.sty
Package: float 2001/11/08 v1.3d Float enhancements (AL)
\c@float@type=\count273
\float@exts=\toks32
\float@box=\box56
\@float@everytoks=\toks33
\@floatcapt=\box57
)
(d:/TEXLIVE/texlive/2020/texmf-dist/tex/latex/subfigure/subfigure.sty
Package: subfigure 2002/03/15 v2.1.5 subfigure package
\subfigtopskip=\skip75
\subfigcapskip=\skip76
\subfigcaptopadj=\dimen190
\subfigbottomskip=\skip77
\subfigcapmargin=\dimen191
\subfiglabelskip=\skip78
\c@subfigure=\count274
\c@lofdepth=\count275
\c@subtable=\count276
\c@lotdepth=\count277

****************************************
* Local config file subfigure.cfg used *
****************************************
(d:/TEXLIVE/texlive/2020/texmf-dist/tex/latex/subfigure/subfigure.cfg)
\subfig@top=\skip79
\subfig@bottom=\skip80
)
(d:/TEXLIVE/texlive/2020/texmf-dist/tex/generic/iftex/ifpdf.sty
Package: ifpdf 2019/10/25 v3.4 ifpdf legacy package. Use iftex instead.
)
(d:/TEXLIVE/texlive/2020/texmf-dist/tex/latex/epstopdf-pkg/epstopdf.sty
Package: epstopdf 2020-01-24 v2.11 Conversion with epstopdf on the fly (HO)

(d:/TEXLIVE/texlive/2020/texmf-dist/tex/generic/infwarerr/infwarerr.sty
Package: infwarerr 2019/12/03 v1.5 Providing info/warning/error messages (HO)
)
(d:/TEXLIVE/texlive/2020/texmf-dist/tex/latex/grfext/grfext.sty
Package: grfext 2019/12/03 v1.3 Manage graphics extensions (HO)

(d:/TEXLIVE/texlive/2020/texmf-dist/tex/generic/kvdefinekeys/kvdefinekeys.sty
Package: kvdefinekeys 2019-12-19 v1.6 Define keys (HO)
)) (d:/TEXLIVE/texlive/2020/texmf-dist/tex/latex/kvoptions/kvoptions.sty
Package: kvoptions 2019/11/29 v3.13 Key value format for package options (HO)

(d:/TEXLIVE/texlive/2020/texmf-dist/tex/generic/ltxcmds/ltxcmds.sty
Package: ltxcmds 2019/12/15 v1.24 LaTeX kernel commands for general use (HO)
)
(d:/TEXLIVE/texlive/2020/texmf-dist/tex/generic/kvsetkeys/kvsetkeys.sty
Package: kvsetkeys 2019/12/15 v1.18 Key value parser (HO)
))
(d:/TEXLIVE/texlive/2020/texmf-dist/tex/latex/pdftexcmds/pdftexcmds.sty
Package: pdftexcmds 2019/11/24 v0.31 Utility functions of pdfTeX for LuaTeX (HO
)
Package pdftexcmds Info: \pdf@primitive is available.
Package pdftexcmds Info: \pdf@ifprimitive is available.
Package pdftexcmds Info: \pdfdraftmode found.
)
(d:/TEXLIVE/texlive/2020/texmf-dist/tex/latex/epstopdf-pkg/epstopdf-base.sty
Package: epstopdf-base 2020-01-24 v2.11 Base part for package epstopdf
Package epstopdf-base Info: Redefining graphics rule for `.eps' on input line 4
85.
Package grfext Info: Graphics extension search list:
(grfext)             [.pdf,.png,.jpg,.mps,.jpeg,.jbig2,.jb2,.PDF,.PNG,.JPG,.JPE
G,.JBIG2,.JB2,.eps]
(grfext)             \AppendGraphicsExtensions on input line 504.

(d:/TEXLIVE/texlive/2020/texmf-dist/tex/latex/latexconfig/epstopdf-sys.cfg
File: epstopdf-sys.cfg 2010/07/13 v1.3 Configuration of (r)epstopdf for TeX Liv
e
)))
(d:/TEXLIVE/texlive/2020/texmf-dist/tex/latex/hyperref/hyperref.sty
Package: hyperref 2020/01/14 v7.00d Hypertext links for LaTeX

(d:/TEXLIVE/texlive/2020/texmf-dist/tex/generic/pdfescape/pdfescape.sty
Package: pdfescape 2019/12/09 v1.15 Implements pdfTeX's escape features (HO)
)
(d:/TEXLIVE/texlive/2020/texmf-dist/tex/latex/hycolor/hycolor.sty
Package: hycolor 2020-01-27 v1.10 Color options for hyperref/bookmark (HO)
)
(d:/TEXLIVE/texlive/2020/texmf-dist/tex/latex/letltxmacro/letltxmacro.sty
Package: letltxmacro 2019/12/03 v1.6 Let assignment for LaTeX macros (HO)
)
(d:/TEXLIVE/texlive/2020/texmf-dist/tex/latex/auxhook/auxhook.sty
Package: auxhook 2019-12-17 v1.6 Hooks for auxiliary files (HO)
)
\@linkdim=\dimen192
\Hy@linkcounter=\count278
\Hy@pagecounter=\count279

(d:/TEXLIVE/texlive/2020/texmf-dist/tex/latex/hyperref/pd1enc.def
File: pd1enc.def 2020/01/14 v7.00d Hyperref: PDFDocEncoding definition (HO)
Now handling font encoding PD1 ...
... no UTF-8 mapping file for font encoding PD1
)
(d:/TEXLIVE/texlive/2020/texmf-dist/tex/generic/intcalc/intcalc.sty
Package: intcalc 2019/12/15 v1.3 Expandable calculations with integers (HO)
)
(d:/TEXLIVE/texlive/2020/texmf-dist/tex/generic/etexcmds/etexcmds.sty
Package: etexcmds 2019/12/15 v1.7 Avoid name clashes with e-TeX commands (HO)
)
\Hy@SavedSpaceFactor=\count280
Package hyperref Info: Option `colorlinks' set `true' on input line 4421.
Package hyperref Info: Hyper figures OFF on input line 4547.
Package hyperref Info: Link nesting OFF on input line 4552.
Package hyperref Info: Hyper index ON on input line 4555.
Package hyperref Info: Plain pages OFF on input line 4562.
Package hyperref Info: Backreferencing OFF on input line 4567.
Package hyperref Info: Implicit mode ON; LaTeX internals redefined.
Package hyperref Info: Bookmarks ON on input line 4800.
\c@Hy@tempcnt=\count281
LaTeX Info: Redefining \url on input line 5159.
\XeTeXLinkMargin=\dimen193

(d:/TEXLIVE/texlive/2020/texmf-dist/tex/generic/bitset/bitset.sty
Package: bitset 2019/12/09 v1.3 Handle bit-vector datatype (HO)

(d:/TEXLIVE/texlive/2020/texmf-dist/tex/generic/bigintcalc/bigintcalc.sty
Package: bigintcalc 2019/12/15 v1.5 Expandable calculations on big integers (HO
)
))
\Fld@menulength=\count282
\Field@Width=\dimen194
\Fld@charsize=\dimen195
Package hyperref Info: Hyper figures OFF on input line 6430.
Package hyperref Info: Link nesting OFF on input line 6435.
Package hyperref Info: Hyper index ON on input line 6438.
Package hyperref Info: backreferencing OFF on input line 6445.
Package hyperref Info: Link coloring ON on input line 6448.
Package hyperref Info: Link coloring with OCG OFF on input line 6455.
Package hyperref Info: PDF/A mode OFF on input line 6460.
LaTeX Info: Redefining \ref on input line 6500.
LaTeX Info: Redefining \pageref on input line 6504.

(d:/TEXLIVE/texlive/2020/texmf-dist/tex/generic/atbegshi/atbegshi.sty
Package: atbegshi 2019/12/05 v1.19 At begin shipout hook (HO)
)
\Hy@abspage=\count283
\c@Item=\count284
\c@Hfootnote=\count285
)
Package hyperref Info: Driver (autodetected): hpdftex.

(d:/TEXLIVE/texlive/2020/texmf-dist/tex/latex/hyperref/hpdftex.def
File: hpdftex.def 2020/01/14 v7.00d Hyperref driver for pdfTeX

(d:/TEXLIVE/texlive/2020/texmf-dist/tex/latex/atveryend/atveryend.sty
Package: atveryend 2019-12-11 v1.11 Hooks at the very end of document (HO)
Package atveryend Info: \enddocument detected (standard20110627).
)
\Fld@listcount=\count286
\c@bookmark@seq@number=\count287

(d:/TEXLIVE/texlive/2020/texmf-dist/tex/latex/rerunfilecheck/rerunfilecheck.sty
Package: rerunfilecheck 2019/12/05 v1.9 Rerun checks for auxiliary files (HO)

(d:/TEXLIVE/texlive/2020/texmf-dist/tex/generic/uniquecounter/uniquecounter.sty
Package: uniquecounter 2019/12/15 v1.4 Provide unlimited unique counter (HO)
)
Package uniquecounter Info: New unique counter `rerunfilecheck' on input line 2
86.
)
\Hy@SectionHShift=\skip81
)
\c@prefix=\count288
 (d:/TEXLIVE/texlive/2020/texmf-dist/tex/latex/etoolbox/etoolbox.sty
Package: etoolbox 2019/09/21 v2.5h e-TeX tools for LaTeX (JAW)
\etb@tempcnta=\count289
)
(d:/TEXLIVE/texlive/2020/texmf-dist/tex/latex/listings/listings.sty
\lst@mode=\count290
\lst@gtempboxa=\box58
\lst@token=\toks34
\lst@length=\count291
\lst@currlwidth=\dimen196
\lst@column=\count292
\lst@pos=\count293
\lst@lostspace=\dimen197
\lst@width=\dimen198
\lst@newlines=\count294
\lst@lineno=\count295
\lst@maxwidth=\dimen199

(d:/TEXLIVE/texlive/2020/texmf-dist/tex/latex/listings/lstmisc.sty
File: lstmisc.sty 2020/03/24 1.8d (Carsten Heinz)
\c@lstnumber=\count296
\lst@skipnumbers=\count297
\lst@framebox=\box59
)
(d:/TEXLIVE/texlive/2020/texmf-dist/tex/latex/listings/listings.cfg
File: listings.cfg 2020/03/24 1.8d listings configuration
))
Package: listings 2020/03/24 1.8d (Carsten Heinz)

(d:/TEXLIVE/texlive/2020/texmf-dist/tex/latex/graphics/color.sty
Package: color 2019/11/23 v1.2a Standard LaTeX Color (DPC)

(d:/TEXLIVE/texlive/2020/texmf-dist/tex/latex/graphics-cfg/color.cfg
File: color.cfg 2016/01/02 v1.6 sample color configuration
)
Package color Info: Driver file: pdftex.def on input line 147.
)
(d:/TEXLIVE/texlive/2020/texmf-dist/tex/latex/xcolor/xcolor.sty
Package: xcolor 2016/05/11 v2.12 LaTeX color extensions (UK)

(d:/TEXLIVE/texlive/2020/texmf-dist/tex/latex/graphics-cfg/color.cfg
File: color.cfg 2016/01/02 v1.6 sample color configuration
)
Package xcolor Info: Driver file: pdftex.def on input line 225.
LaTeX Info: Redefining \color on input line 709.
Package xcolor Info: Model `cmy' substituted by `cmy0' on input line 1348.
Package xcolor Info: Model `hsb' substituted by `rgb' on input line 1352.
Package xcolor Info: Model `RGB' extended on input line 1364.
Package xcolor Info: Model `HTML' substituted by `rgb' on input line 1366.
Package xcolor Info: Model `Hsb' substituted by `hsb' on input line 1367.
Package xcolor Info: Model `tHsb' substituted by `hsb' on input line 1368.
Package xcolor Info: Model `HSB' substituted by `hsb' on input line 1369.
Package xcolor Info: Model `Gray' substituted by `gray' on input line 1370.
Package xcolor Info: Model `wave' substituted by `hsb' on input line 1371.
)
(d:/TEXLIVE/texlive/2020/texmf-dist/tex/latex/listings/lstlang1.sty
File: lstlang1.sty 2020/03/24 1.8d listings language file
)
(d:/TEXLIVE/texlive/2020/texmf-dist/tex/latex/listings/lstmisc.sty
File: lstmisc.sty 2020/03/24 1.8d (Carsten Heinz)
)
\@abstract=\box60
)
(d:/TEXLIVE/texlive/2020/texmf-dist/tex/latex/psnfss/palatino.sty
Package: palatino 2005/04/12 PSNFSS-v9.2a (SPQR) 
)
(d:/TEXLIVE/texlive/2020/texmf-dist/tex/latex/pdfpages/pdfpages.sty
Package: pdfpages 2020/01/28 v0.5q Insert pages of external PDF documents (AM)

(d:/TEXLIVE/texlive/2020/texmf-dist/tex/latex/tools/calc.sty
Package: calc 2017/05/25 v4.3 Infix arithmetic (KKT,FJ)
\calc@Acount=\count298
\calc@Bcount=\count299
\calc@Adimen=\dimen256
\calc@Bdimen=\dimen257
\calc@Askip=\skip82
\calc@Bskip=\skip83
LaTeX Info: Redefining \setlength on input line 80.
LaTeX Info: Redefining \addtolength on input line 81.
\calc@Ccount=\count300
\calc@Cskip=\skip84
)
(d:/TEXLIVE/texlive/2020/texmf-dist/tex/latex/eso-pic/eso-pic.sty
Package: eso-pic 2018/04/12 v2.0h eso-pic (RN)
)
\AM@pagewidth=\dimen258
\AM@pageheight=\dimen259

(d:/TEXLIVE/texlive/2020/texmf-dist/tex/latex/pdfpages/pppdftex.def
File: pppdftex.def 2020/01/28 v0.5q Pdfpages driver for pdfTeX (AM)
)
\AM@pagebox=\box61
\AM@global@opts=\toks35
\AM@pagecnt=\count301
\AM@toc@title=\toks36
\c@AM@survey=\count302
\AM@templatesizebox=\box62
)
(d:/TEXLIVE/texlive/2020/texmf-dist/tex/latex/tabu/tabu.sty
Package: tabu 2019/01/11 v2.9 - flexible LaTeX tabulars (FC+tabu-fixed)

(d:/TEXLIVE/texlive/2020/texmf-dist/tex/latex/varwidth/varwidth.sty
Package: varwidth 2009/03/30 ver 0.92;  Variable-width minipages
\@vwid@box=\box63
\sift@deathcycles=\count303
\@vwid@loff=\dimen260
\@vwid@roff=\dimen261
)
\c@taburow=\count304
\tabu@nbcols=\count305
\tabu@cnt=\count306
\tabu@Xcol=\count307
\tabu@alloc=\count308
\tabu@nested=\count309
\tabu@target=\dimen262
\tabu@spreadtarget=\dimen263
\tabu@naturalX=\dimen264
\tabucolX=\dimen265
\tabu@Xsum=\dimen266
\extrarowdepth=\dimen267
\abovetabulinesep=\dimen268
\belowtabulinesep=\dimen269
\tabustrutrule=\dimen270
\tabu@thebody=\toks37
\tabu@footnotes=\toks38
\tabu@box=\box64
\tabu@arstrutbox=\box65
\tabu@hleads=\box66
\tabu@vleads=\box67
\tabu@cellskip=\skip85
)
(d:/TEXLIVE/texlive/2020/texmf-dist/tex/latex/threeparttable/threeparttable.sty
Package: threeparttable 2003/06/13  v 3.0
\@tempboxb=\box68
) (d:/TEXLIVE/texlive/2020/texmf-dist/tex/latex/l3backend/l3backend-pdfmode.def
File: l3backend-pdfmode.def 2020-03-12 L3 backend support: PDF mode
\l__kernel_color_stack_int=\count310
\l__pdf_internal_box=\box69
) (./2006782.aux)
\openout1 = `2006782.aux'.

LaTeX Font Info:    Checking defaults for OML/cmm/m/it on input line 34.
LaTeX Font Info:    ... okay on input line 34.
LaTeX Font Info:    Checking defaults for OMS/cmsy/m/n on input line 34.
LaTeX Font Info:    ... okay on input line 34.
LaTeX Font Info:    Checking defaults for OT1/cmr/m/n on input line 34.
LaTeX Font Info:    ... okay on input line 34.
LaTeX Font Info:    Checking defaults for T1/cmr/m/n on input line 34.
LaTeX Font Info:    ... okay on input line 34.
LaTeX Font Info:    Checking defaults for TS1/cmr/m/n on input line 34.
LaTeX Font Info:    ... okay on input line 34.
LaTeX Font Info:    Checking defaults for OMX/cmex/m/n on input line 34.
LaTeX Font Info:    ... okay on input line 34.
LaTeX Font Info:    Checking defaults for U/cmr/m/n on input line 34.
LaTeX Font Info:    ... okay on input line 34.
LaTeX Font Info:    Checking defaults for PD1/pdf/m/n on input line 34.
LaTeX Font Info:    ... okay on input line 34.
LaTeX Font Info:    Trying to load font information for T1+ppl on input line 34
.
 (d:/TEXLIVE/texlive/2020/texmf-dist/tex/latex/psnfss/t1ppl.fd
File: t1ppl.fd 2001/06/04 font definitions for T1/ppl.
)
*geometry* driver: auto-detecting
*geometry* detected driver: pdftex
*geometry* verbose mode - [ preamble ] result:
* driver: pdftex
* paper: a4paper
* layout: <same size as paper>
* layoutoffset:(h,v)=(0.0pt,0.0pt)
* modes: 
* h-part:(L,W,R)=(71.13188pt, 455.24411pt, 71.13188pt)
* v-part:(T,H,B)=(71.13188pt, 731.23584pt, 42.67912pt)
* \paperwidth=597.50787pt
* \paperheight=845.04684pt
* \textwidth=455.24411pt
* \textheight=731.23584pt
* \oddsidemargin=-1.1381pt
* \evensidemargin=-1.1381pt
* \topmargin=-38.1381pt
* \headheight=15.0pt
* \headsep=25.0pt
* \topskip=12.0pt
* \footskip=30.0pt
* \marginparwidth=44.0pt
* \marginparsep=10.0pt
* \columnsep=10.0pt
* \skip\footins=10.8pt plus 4.0pt minus 2.0pt
* \hoffset=0.0pt
* \voffset=0.0pt
* \mag=1000
* \@twocolumnfalse
* \@twosidefalse
* \@mparswitchfalse
* \@reversemarginfalse
* (1in=72.27pt=25.4mm, 1cm=28.453pt)

Package lastpage Info: Please have a look at the pageslts package at
(lastpage)             https://www.ctan.org/pkg/pageslts
(lastpage)             ! on input line 34.
Package caption Info: Begin \AtBeginDocument code.
Package caption Info: float package is loaded.
Package caption Info: hyperref package is loaded.
Package caption Info: listings package is loaded.
Package caption Info: longtable package is loaded.
(d:/TEXLIVE/texlive/2020/texmf-dist/tex/latex/caption/ltcaption.sty
Package: ltcaption 2018/08/26 v1.4a longtable captions (AR)
)
Package caption Info: subfigure package is loaded.
Package caption Info: threeparttable package is loaded.
Package caption Info: End \AtBeginDocument code.

(d:/TEXLIVE/texlive/2020/texmf-dist/tex/context/base/mkii/supp-pdf.mkii
[Loading MPS to PDF converter (version 2006.09.02).]
\scratchcounter=\count311
\scratchdimen=\dimen271
\scratchbox=\box70
\nofMPsegments=\count312
\nofMParguments=\count313
\everyMPshowfont=\toks39
\MPscratchCnt=\count314
\MPscratchDim=\dimen272
\MPnumerator=\count315
\makeMPintoPDFobject=\count316
\everyMPtoPDFconversion=\toks40
)
\AtBeginShipoutBox=\box71
Package hyperref Info: Link coloring ON on input line 34.
 (d:/TEXLIVE/texlive/2020/texmf-dist/tex/latex/hyperref/nameref.sty
Package: nameref 2019/09/16 v2.46 Cross-referencing by name of section

(d:/TEXLIVE/texlive/2020/texmf-dist/tex/latex/refcount/refcount.sty
Package: refcount 2019/12/15 v3.6 Data extraction from label references (HO)
)
(d:/TEXLIVE/texlive/2020/texmf-dist/tex/generic/gettitlestring/gettitlestring.s
ty
Package: gettitlestring 2019/12/15 v1.6 Cleanup title references (HO)
)
\c@section@level=\count317
)
LaTeX Info: Redefining \ref on input line 34.
LaTeX Info: Redefining \pageref on input line 34.
LaTeX Info: Redefining \nameref on input line 34.
 (./2006782.out) (./2006782.out)
\@outlinefile=\write4
\openout4 = `2006782.out'.

\c@lstlisting=\count318

(d:/TEXLIVE/texlive/2020/texmf-dist/tex/latex/pdflscape/pdflscape.sty
Package: pdflscape 2019/12/05 v0.12 Display of landscape pages in PDF (HO)

(d:/TEXLIVE/texlive/2020/texmf-dist/tex/latex/graphics/lscape.sty
Package: lscape 2000/10/22 v3.01 Landscape Pages (DPC)
)
Package pdflscape Info: Auto-detected driver: pdftex on input line 81.
)
LaTeX Font Info:    Trying to load font information for U+msa on input line 44.


(d:/TEXLIVE/texlive/2020/texmf-dist/tex/latex/amsfonts/umsa.fd
File: umsa.fd 2013/01/14 v3.01 AMS symbols A
)
LaTeX Font Info:    Trying to load font information for U+msb on input line 44.


(d:/TEXLIVE/texlive/2020/texmf-dist/tex/latex/amsfonts/umsb.fd
File: umsb.fd 2013/01/14 v3.01 AMS symbols B
) [1

{d:/TEXLIVE/texlive/2020/texmf-var/fonts/map/pdftex/updmap/pdftex.map}] (./2006
782.toc)
\tf@toc=\write5
\openout5 = `2006782.toc'.


[2]
LaTeX Font Info:    Trying to load font information for TS1+ppl on input line 8
7.
 (d:/TEXLIVE/texlive/2020/texmf-dist/tex/latex/psnfss/ts1ppl.fd
File: ts1ppl.fd 2001/06/04 font definitions for TS1/ppl.
) [3

]
[4]
<./img/matrix_describe.pdf, id=232, 597.23125pt x 560.63052pt>
File: ./img/matrix_describe.pdf Graphic file (type pdf)
<use ./img/matrix_describe.pdf>
Package pdftex.def Info: ./img/matrix_describe.pdf  used on input line 231.
(pdftex.def)             Requested size: 159.33821pt x 149.5758pt.
 [5 <./img/matrix_describe.pdf>]
LaTeX Font Info:    Trying to load font information for T1+phv on input line 30
6.

(d:/TEXLIVE/texlive/2020/texmf-dist/tex/latex/psnfss/t1phv.fd
File: t1phv.fd 2001/06/04 scalable font definitions for T1/phv.


LaTeX Warning: Font shape declaration has incorrect series value `mc'.
               It should not contain an `m'! Please correct it.
               Found on input line 20.


LaTeX Warning: Font shape declaration has incorrect series value `mc'.
               It should not contain an `m'! Please correct it.
               Found on input line 23.


LaTeX Warning: Font shape declaration has incorrect series value `mc'.
               It should not contain an `m'! Please correct it.
               Found on input line 26.


LaTeX Warning: Font shape declaration has incorrect series value `mc'.
               It should not contain an `m'! Please correct it.
               Found on input line 46.

) [6]

pdfTeX warning: pdflatex.exe (file ./img/matrix_distance.pdf): PDF inclusion: f
ound PDF version <1.6>, but at most version <1.5> allowed
<./img/matrix_distance.pdf, id=270, 514.04645pt x 499.34566pt>
File: ./img/matrix_distance.pdf Graphic file (type pdf)
<use ./img/matrix_distance.pdf>
Package pdftex.def Info: ./img/matrix_distance.pdf  used on input line 323.
(pdftex.def)             Requested size: 300.46277pt x 291.87602pt.
[7 <./img/matrix_distance.pdf>]

pdfTeX warning: pdflatex.exe (file ./img/Dyadic_Triadic_Configurations.pdf): PD
F inclusion: found PDF version <1.6>, but at most version <1.5> allowed
<./img/Dyadic_Triadic_Configurations.pdf, id=300, 718.90579pt x 411.14223pt>
File: ./img/Dyadic_Triadic_Configurations.pdf Graphic file (type pdf)
<use ./img/Dyadic_Triadic_Configurations.pdf>
Package pdftex.def Info: ./img/Dyadic_Triadic_Configurations.pdf  used on input
 line 337.
(pdftex.def)             Requested size: 295.90588pt x 169.23439pt.
LaTeX Font Info:    Trying to load font information for T1+pcr on input line 34
2.
(d:/TEXLIVE/texlive/2020/texmf-dist/tex/latex/psnfss/t1pcr.fd
File: t1pcr.fd 2001/06/04 font definitions for T1/pcr.
) [8 <./img/Dyadic_Triadic_Configurations.pdf>]

pdfTeX warning: pdflatex.exe (file ./img/timeline_match1.pdf): PDF inclusion: f
ound PDF version <1.6>, but at most version <1.5> allowed
<./img/timeline_match1.pdf, id=370, 963.6pt x 542.025pt>
File: ./img/timeline_match1.pdf Graphic file (type pdf)
<use ./img/timeline_match1.pdf>
Package pdftex.def Info: ./img/timeline_match1.pdf  used on input line 366.
(pdftex.def)             Requested size: 409.71692pt x 230.46095pt.
<./img/match1_network.pdf, id=375, 563.08751pt x 526.48697pt>
File: ./img/match1_network.pdf Graphic file (type pdf)
<use ./img/match1_network.pdf>
Package pdftex.def Info: ./img/match1_network.pdf  used on input line 390.
(pdftex.def)             Requested size: 145.68144pt x 136.20856pt.


pdfTeX warning: pdflatex.exe (file ./img/match2_network.pdf): PDF inclusion: fo
und PDF version <1.6>, but at most version <1.5> allowed
<./img/match2_network.pdf, id=376, 546.0163pt x 543.31583pt>
File: ./img/match2_network.pdf Graphic file (type pdf)
<use ./img/match2_network.pdf>
Package pdftex.def Info: ./img/match2_network.pdf  used on input line 393.
(pdftex.def)             Requested size: 145.68144pt x 144.96455pt.


pdfTeX warning: pdflatex.exe (file ./img/match3_network.pdf): PDF inclusion: fo
und PDF version <1.6>, but at most version <1.5> allowed
<./img/match3_network.pdf, id=377, 569.25423pt x 531.84193pt>
File: ./img/match3_network.pdf Graphic file (type pdf)
<use ./img/match3_network.pdf>
Package pdftex.def Info: ./img/match3_network.pdf  used on input line 396.
(pdftex.def)             Requested size: 145.68144pt x 136.10075pt.


pdfTeX warning: pdflatex.exe (file ./img/match4_network.pdf): PDF inclusion: fo
und PDF version <1.6>, but at most version <1.5> allowed
<./img/match4_network.pdf, id=378, 557.0698pt x 433.62802pt>
File: ./img/match4_network.pdf Graphic file (type pdf)
<use ./img/match4_network.pdf>
Package pdftex.def Info: ./img/match4_network.pdf  used on input line 400.
(pdftex.def)             Requested size: 145.68144pt x 113.39566pt.


pdfTeX warning: pdflatex.exe (file ./img/match10_network.pdf): PDF inclusion: f
ound PDF version <1.6>, but at most version <1.5> allowed
<./img/match10_network.pdf, id=379, 570.45862pt x 497.61409pt>
File: ./img/match10_network.pdf Graphic file (type pdf)
<use ./img/match10_network.pdf>
Package pdftex.def Info: ./img/match10_network.pdf  used on input line 403.
(pdftex.def)             Requested size: 145.68144pt x 127.07593pt.


pdfTeX warning: pdflatex.exe (file ./img/match13_network.pdf): PDF inclusion: f
ound PDF version <1.6>, but at most version <1.5> allowed
<./img/match13_network.pdf, id=380, 567.37349pt x 578.43501pt>
File: ./img/match13_network.pdf Graphic file (type pdf)
<use ./img/match13_network.pdf>
Package pdftex.def Info: ./img/match13_network.pdf  used on input line 406.
(pdftex.def)             Requested size: 145.68144pt x 148.5184pt.
<./img/task1_hotmap.png, id=381, 626.8218pt x 412.4208pt>
File: ./img/task1_hotmap.png Graphic file (type png)
<use ./img/task1_hotmap.png>
Package pdftex.def Info: ./img/task1_hotmap.png  used on input line 419.
(pdftex.def)             Requested size: 227.62206pt x 149.76144pt.
[9

 <./img/timeline_match1.pdf>] [10 <./img/match1_network.pdf> <./img/match2_netw
ork.pdf> <./img/match3_network.pdf> <./img/match4_network.pdf> <./img/match10_n
etwork.pdf> <./img/match13_network.pdf> <./img/task1_hotmap.png>]
Overfull \hbox (1.43445pt too wide) in paragraph at lines 437--438
\T1/ppl/m/n/12 team's av-er-age clus-ter co-ef-fi-cient em-bod-ies the level of
 co-or-di-na-tion in the team. There-
 []

[11]

pdfTeX warning: pdflatex.exe (file ./img/Flexibility_3370.pdf): PDF inclusion: 
found PDF version <1.6>, but at most version <1.5> allowed
<./img/Flexibility_3370.pdf, id=711, 591.92842pt x 455.18806pt>
File: ./img/Flexibility_3370.pdf Graphic file (type pdf)
<use ./img/Flexibility_3370.pdf>
Package pdftex.def Info: ./img/Flexibility_3370.pdf  used on input line 500.
(pdftex.def)             Requested size: 204.85846pt x 157.53317pt.


pdfTeX warning: pdflatex.exe (file ./img/Flexibility_2666.pdf): PDF inclusion: 
found PDF version <1.6>, but at most version <1.5> allowed
<./img/Flexibility_2666.pdf, id=712, 591.92842pt x 455.18806pt>
File: ./img/Flexibility_2666.pdf Graphic file (type pdf)
<use ./img/Flexibility_2666.pdf>
Package pdftex.def Info: ./img/Flexibility_2666.pdf  used on input line 503.
(pdftex.def)             Requested size: 204.85846pt x 157.53317pt.


pdfTeX warning: pdflatex.exe (file ./img/Gegenpressing.pdf): PDF inclusion: fou
nd PDF version <1.6>, but at most version <1.5> allowed
<./img/Gegenpressing.pdf, id=713, 963.6pt x 305.86763pt>
File: ./img/Gegenpressing.pdf Graphic file (type pdf)
<use ./img/Gegenpressing.pdf>
Package pdftex.def Info: ./img/Gegenpressing.pdf  used on input line 523.
(pdftex.def)             Requested size: 455.24411pt x 144.50455pt.
[12 <./img/Flexibility_3370.pdf, page is rotated 90 degrees> <./img/Flexibility
_2666.pdf, page is rotated 90 degrees>]
Overfull \hbox (1.33197pt too wide) in paragraph at lines 615--615
[]|[]| 
 []


Overfull \hbox (6.5609pt too wide) in paragraph at lines 615--615
[]|[]| 
 []


Overfull \hbox (3.23999pt too wide) in paragraph at lines 615--615
 []|\T1/ppl/m/n/12 539.50| 
 []


Overfull \hbox (5.82742pt too wide) in paragraph at lines 615--615
 []|\T1/ppl/m/n/10.95 1476.57| 
 []


Overfull \hbox (5.82742pt too wide) in paragraph at lines 615--615
 []|\T1/ppl/m/n/10.95 1019.95| 
 []


Overfull \hbox (3.23999pt too wide) in paragraph at lines 615--615
 []|\T1/ppl/m/n/12 692.49| 
 []


Overfull \hbox (3.23999pt too wide) in paragraph at lines 615--615
 []|\T1/ppl/m/n/12 634.78| 
 []


Overfull \hbox (3.23999pt too wide) in paragraph at lines 615--615
 []|\T1/ppl/m/n/12 596.98| 
 []


Overfull \hbox (3.23999pt too wide) in paragraph at lines 615--615
 []|\T1/ppl/m/n/12 760.01| 
 []


Overfull \hbox (3.23999pt too wide) in paragraph at lines 615--615
 []|\T1/ppl/m/n/12 934.64| 
 []


Overfull \hbox (3.23999pt too wide) in paragraph at lines 615--615
 []|\T1/ppl/m/n/12 707.96| 
 []


Overfull \hbox (5.82742pt too wide) in paragraph at lines 615--615
 []|\T1/ppl/m/n/10.95 2018.52| 
 []


Overfull \hbox (3.23999pt too wide) in paragraph at lines 615--615
 []|\T1/ppl/m/n/12 986.98| 
 []


Overfull \hbox (5.82742pt too wide) in paragraph at lines 615--615
 []|\T1/ppl/m/n/10.95 1014.37| 
 []


Overfull \hbox (6.72385pt too wide) in paragraph at lines 615--615
[]|\T1/ppl/m/n/12 32$[]$| 
 []


Overfull \hbox (5.82742pt too wide) in paragraph at lines 615--615
 []|\T1/ppl/m/n/10.95 1159.30| 
 []


Overfull \hbox (3.23999pt too wide) in paragraph at lines 615--615
 []|\T1/ppl/m/n/12 479.62| 
 []


Overfull \hbox (24.75589pt too wide) in paragraph at lines 597--624
 [][] 
 []

[13 <./img/Gegenpressing.pdf>]

pdfTeX warning: pdflatex.exe (file ./img/Lowest.pdf): PDF inclusion: found PDF 
version <1.6>, but at most version <1.5> allowed
<./img/Lowest.pdf, id=879, 845.16602pt x 253.61751pt>
File: ./img/Lowest.pdf Graphic file (type pdf)
<use ./img/Lowest.pdf>
Package pdftex.def Info: ./img/Lowest.pdf  used on input line 638.
(pdftex.def)             Requested size: 409.71692pt x 122.94629pt.
[14 <./img/Lowest.pdf>]

pdfTeX warning: pdflatex.exe (file ./img/Comparison_pressing.pdf): PDF inclusio
n: found PDF version <1.6>, but at most version <1.5> allowed
<./img/Comparison_pressing.pdf, id=899, 703.91382pt x 373.86305pt>
File: ./img/Comparison_pressing.pdf Graphic file (type pdf)
<use ./img/Comparison_pressing.pdf>
Package pdftex.def Info: ./img/Comparison_pressing.pdf  used on input line 678.

(pdftex.def)             Requested size: 295.90588pt x 157.15833pt.
[15 <./img/Comparison_pressing.pdf>] [16]

pdfTeX warning: pdflatex.exe (file ./img/Comparison_Italy.pdf): PDF inclusion: 
found PDF version <1.6>, but at most version <1.5> allowed
<./img/Comparison_Italy.pdf, id=926, 735.97763pt x 399.7615pt>
File: ./img/Comparison_Italy.pdf Graphic file (type pdf)
<use ./img/Comparison_Italy.pdf>
Package pdftex.def Info: ./img/Comparison_Italy.pdf  used on input line 730.
(pdftex.def)             Requested size: 364.19667pt x 197.8185pt.

Overfull \hbox (1.96083pt too wide) in paragraph at lines 735--736
[]\T1/ppl/m/n/12 From the data in \T1/ppl/b/n/12 Fig-ure [][]11[][]\T1/ppl/m/n/
12 , we can find that when fac-ing op-po-nents that are stronger
 []

[17 <./img/Comparison_Italy.pdf>]
<./img/task3_formation.png, id=985, 722.7pt x 517.935pt>
File: ./img/task3_formation.png Graphic file (type png)
<use ./img/task3_formation.png>
Package pdftex.def Info: ./img/task3_formation.png  used on input line 765.
(pdftex.def)             Requested size: 341.43307pt x 244.69395pt.
 [18 <./img/task3_formation.png>]

pdfTeX warning: pdflatex.exe (file ./img/Coordination.pdf): PDF inclusion: foun
d PDF version <1.6>, but at most version <1.5> allowed
<./img/Coordination.pdf, id=997, 613.63052pt x 223.35446pt>
File: ./img/Coordination.pdf Graphic file (type pdf)
<use ./img/Coordination.pdf>
Package pdftex.def Info: ./img/Coordination.pdf  used on input line 782.
(pdftex.def)             Requested size: 159.33821pt x 57.9958pt.
[19 <./img/Coordination.pdf>] [20]

pdfTeX warning: pdflatex.exe (file ./img/sensitive_analysis1.pdf): PDF inclusio
n: found PDF version <1.6>, but at most version <1.5> allowed
<./img/sensitive_analysis1.pdf, id=1040, 833.77666pt x 301.54355pt>
File: ./img/sensitive_analysis1.pdf Graphic file (type pdf)
<use ./img/sensitive_analysis1.pdf>
Package pdftex.def Info: ./img/sensitive_analysis1.pdf  used on input line 854.

(pdftex.def)             Requested size: 455.24411pt x 164.64395pt.


pdfTeX warning: pdflatex.exe (file ./img/sensitive_analysis2.pdf): PDF inclusio
n: found PDF version <1.6>, but at most version <1.5> allowed
<./img/sensitive_analysis2.pdf, id=1042, 634.6069pt x 258.6433pt>
File: ./img/sensitive_analysis2.pdf Graphic file (type pdf)
<use ./img/sensitive_analysis2.pdf>
Package pdftex.def Info: ./img/sensitive_analysis2.pdf  used on input line 868.

(pdftex.def)             Requested size: 409.71692pt x 166.98741pt.
[21 <./img/sensitive_analysis1.pdf, page is rotated 90 degrees>] [22 <./img/sen
sitive_analysis2.pdf>]
Underfull \hbox (badness 1596) in paragraph at lines 910--911
[]\T1/ppl/m/n/12 Wong, J. A. Har-ti-ganm. A. . "Al-go-rithm AS 136: A K-Means C
lus-ter-ing
 []


Underfull \hbox (badness 10000) in paragraph at lines 912--913
\T1/pcr/m/n/12 h t t p s : / / w w w . u e f a . c o m / u e f a e u r o / s e 
a s o n =2012 / m a t c h e s / r o u n d =
 []

[23

]
Package hyperref Info: bookmark level for unknown lstlisting defaults to 0 on i
nput line 921.
 (./code/matrix.m [24

]) (./code/passingtime.m [25])
(d:/TEXLIVE/texlive/2020/texmf-dist/tex/latex/listings/lstlang1.sty
File: lstlang1.sty 2020/03/24 1.8d listings language file
)
(./code/AdversarialRegression.py [26]) 
AED: lastpage setting LastPage
[27]
Package atveryend Info: Empty hook `BeforeClearDocument' on input line 930.
Package atveryend Info: Empty hook `AfterLastShipout' on input line 930.
 (./2006782.aux)
Package atveryend Info: Executing hook `AtVeryEndDocument' on input line 930.
Package atveryend Info: Executing hook `AtEndAfterFileList' on input line 930.
Package rerunfilecheck Info: File `2006782.out' has not changed.
(rerunfilecheck)             Checksum: 005EDE15D826160BD3D47BB7E06DB40D;2908.
Package atveryend Info: Empty hook `AtVeryVeryEnd' on input line 930.
 ) 
Here is how much of TeX's memory you used:
 14976 strings out of 482494
 217304 string characters out of 5949728
 812904 words of memory out of 5000000
 29935 multiletter control sequences out of 15000+600000
 582802 words of font info for 121 fonts, out of 8000000 for 9000
 36 hyphenation exceptions out of 8191
 49i,16n,49p,1099b,2521s stack positions out of 5000i,500n,10000p,200000b,80000s
{d:/TEXLIVE/texlive/2020/texmf-dist/fonts/enc/dvips/base/8r.enc}<d:/TEXLIVE/t
exlive/2020/texmf-dist/fonts/type1/public/amsfonts/cm/cmbx12.pfb><d:/TEXLIVE/te
xlive/2020/texmf-dist/fonts/type1/public/amsfonts/cm/cmex10.pfb><d:/TEXLIVE/tex
live/2020/texmf-dist/fonts/type1/public/amsfonts/cm/cmmi10.pfb><d:/TEXLIVE/texl
ive/2020/texmf-dist/fonts/type1/public/amsfonts/cm/cmmi12.pfb><d:/TEXLIVE/texli
ve/2020/texmf-dist/fonts/type1/public/amsfonts/cm/cmmi7.pfb><d:/TEXLIVE/texlive
/2020/texmf-dist/fonts/type1/public/amsfonts/cm/cmmi8.pfb><d:/TEXLIVE/texlive/2
020/texmf-dist/fonts/type1/public/amsfonts/cm/cmr10.pfb><d:/TEXLIVE/texlive/202
0/texmf-dist/fonts/type1/public/amsfonts/cm/cmr12.pfb><d:/TEXLIVE/texlive/2020/
texmf-dist/fonts/type1/public/amsfonts/cm/cmr8.pfb><d:/TEXLIVE/texlive/2020/tex
mf-dist/fonts/type1/public/amsfonts/cm/cmsy10.pfb><d:/TEXLIVE/texlive/2020/texm
f-dist/fonts/type1/public/amsfonts/cm/cmsy8.pfb><d:/TEXLIVE/texlive/2020/texmf-
dist/fonts/type1/public/amsfonts/cm/cmtt10.pfb><d:/TEXLIVE/texlive/2020/texmf-d
ist/fonts/type1/public/amsfonts/cm/cmtt12.pfb><d:/TEXLIVE/texlive/2020/texmf-di
st/fonts/type1/urw/courier/ucrb8a.pfb><d:/TEXLIVE/texlive/2020/texmf-dist/fonts
/type1/urw/courier/ucrr8a.pfb><d:/TEXLIVE/texlive/2020/texmf-dist/fonts/type1/u
rw/helvetic/uhvr8a.pfb><d:/TEXLIVE/texlive/2020/texmf-dist/fonts/type1/urw/pala
tino/uplb8a.pfb><d:/TEXLIVE/texlive/2020/texmf-dist/fonts/type1/urw/palatino/up
lbi8a.pfb><d:/TEXLIVE/texlive/2020/texmf-dist/fonts/type1/urw/palatino/uplr8a.p
fb><d:/TEXLIVE/texlive/2020/texmf-dist/fonts/type1/urw/palatino/uplri8a.pfb>
Output written on 2006782.pdf (27 pages, 8628858 bytes).
PDF statistics:
 1502 PDF objects out of 1728 (max. 8388607)
 1051 compressed objects within 11 object streams
 339 named destinations out of 1000 (max. 500000)
 410 words of extra memory for PDF output out of 10000 (max. 10000000)

